{"meta": {"format": 3, "version": "7.16.1", "timestamp": "2026-09-15T00:33:02.554094", "branch_coverage": true, "show_contexts": false}, "files": {"lastre/vehiculos.py": {"executed_lines": [9, 10, 12, 14, 15, 16, 19, 24, 27, 29, 30, 33, 34, 36, 37, 38, 39, 40, 42, 43, 45, 47, 48, 50, 53, 55, 56, 57, 66, 69, 86, 87, 91, 92, 93, 95, 96, 109, 114, 115, 119, 120, 124, 125, 126, 127, 128, 129, 131, 132, 133, 135, 136, 141, 142, 143, 145, 148, 157, 173, 174, 175, 176, 179, 180, 181, 182, 183, 184, 185, 187, 188, 190, 196, 198, 199, 200, 202, 203, 205, 206, 207, 209, 210], "summary": {"covered_lines": 84, "num_statements": 90, "percent_covered": 91.66666666666667, "percent_covered_display": "92", "missing_lines": 6, "excluded_lines": 4, "percent_statements_covered": 93.33333333333333, "percent_statements_covered_display": "93", "num_branches": 30, "num_partial_branches": 2, "covered_branches": 26, "missing_branches": 4, "percent_branches_covered": 86.66666666666667, "percent_branches_covered_display": "87"}, "missing_lines": [98, 99, 104, 105, 107, 134], "excluded_lines": [100, 101, 121, 122], "executed_branches": [[86, 87], [86, 91], [95, 96], [114, 115], [114, 119], [125, 126], [125, 145], [126, 127], [126, 128], [128, 129], [128, 131], [133, 135], [135, 136], [135, 141], [142, 125], [142, 143], [173, 174], [173, 175], [175, 176], [175, 179], [199, 200], [199, 202], [202, 203], [202, 205], [206, 207], [206, 209]], "missing_branches": [[95, 98], [104, 105], [104, 107], [133, 134]], "functions": {"DeteccionVehiculo.tipo": {"executed_lines": [45], "summary": {"covered_lines": 1, "num_statements": 1, "percent_covered": 100.0, "percent_covered_display": "100", "missing_lines": 0, "excluded_lines": 0, "percent_statements_covered": 100.0, "percent_statements_covered_display": "100", "num_branches": 0, "num_partial_branches": 0, "covered_branches": 0, "missing_branches": 0, "percent_branches_covered": 100.0, "percent_branches_covered_display": "100"}, "missing_lines": [], "excluded_lines": [], "start_line": 43, "executed_branches": [], "missing_branches": []}, "DeteccionVehiculo.como_deteccion": {"executed_lines": [50], "summary": {"covered_lines": 1, "num_statements": 1, "percent_covered": 100.0, "percent_covered_display": "100", "missing_lines": 0, "excluded_lines": 0, "percent_statements_covered": 100.0, "percent_statements_covered_display": "100", "num_branches": 0, "num_partial_branches": 0, "covered_branches": 0, "missing_branches": 0, "percent_branches_covered": 100.0, "percent_branches_covered_display": "100"}, "missing_lines": [], "excluded_lines": [], "start_line": 48, "executed_branches": [], "missing_branches": []}, "_a_deteccion": {"executed_lines": [55, 56, 57], "summary": {"covered_lines": 3, "num_statements": 3, "percent_covered": 100.0, "percent_covered_display": "100", "missing_lines": 0, "excluded_lines": 0, "percent_statements_covered": 100.0, "percent_statements_covered_display": "100", "num_branches": 0, "num_partial_branches": 0, "covered_branches": 0, "missing_branches": 0, "percent_branches_covered": 100.0, "percent_branches_covered_display": "100"}, "missing_lines": [], "excluded_lines": [], "start_line": 53, "executed_branches": [], "missing_branches": []}, "DetectorVehiculos.__init__": {"executed_lines": [86, 87, 91, 92, 93, 95, 96], "summary": {"covered_lines": 7, "num_statements": 12, "percent_covered": 55.55555555555556, "percent_covered_display": "56", "missing_lines": 5, "excluded_lines": 2, "percent_statements_covered": 58.333333333333336, "percent_statements_covered_display": "58", "num_branches": 6, "num_partial_branches": 1, "covered_branches": 3, "missing_branches": 3, "percent_branches_covered": 50.0, "percent_branches_covered_display": "50"}, "missing_lines": [98, 99, 104, 105, 107], "excluded_lines": [100, 101], "start_line": 69, "executed_branches": [[86, 87], [86, 91], [95, 96]], "missing_branches": [[95, 98], [104, 105], [104, 107]]}, "DetectorVehiculos.detectar": {"executed_lines": [114, 115, 119, 120, 124, 125, 126, 127, 128, 129, 131, 132, 133, 135, 136, 141, 142, 143, 145], "summary": {"covered_lines": 19, "num_statements": 20, "percent_covered": 94.11764705882354, "percent_covered_display": "94", "missing_lines": 1, "excluded_lines": 2, "percent_statements_covered": 95.0, "percent_statements_covered_display": "95", "num_branches": 14, "num_partial_branches": 1, "covered_branches": 13, "missing_branches": 1, "percent_branches_covered": 92.85714285714286, "percent_branches_covered_display": "93"}, "missing_lines": [134], "excluded_lines": [121, 122], "start_line": 109, "executed_branches": [[114, 115], [114, 119], [125, 126], [125, 145], [126, 127], [126, 128], [128, 129], [128, 131], [133, 135], [135, 136], [135, 141], [142, 125], [142, 143]], "missing_branches": [[133, 134]]}, "DetectorHibrido.__init__": {"executed_lines": [173, 174, 175, 176, 179, 180, 181, 182, 183, 184, 185], "summary": {"covered_lines": 11, "num_statements": 11, "percent_covered": 100.0, "percent_covered_display": "100", "missing_lines": 0, "excluded_lines": 0, "percent_statements_covered": 100.0, "percent_statements_covered_display": "100", "num_branches": 4, "num_partial_branches": 0, "covered_branches": 4, "missing_branches": 0, "percent_branches_covered": 100.0, "percent_branches_covered_display": "100"}, "missing_lines": [], "excluded_lines": [], "start_line": 157, "executed_branches": [[173, 174], [173, 175], [175, 176], [175, 179]], "missing_branches": []}, "DetectorHibrido.estadisticas": {"executed_lines": [190], "summary": {"covered_lines": 1, "num_statements": 1, "percent_covered": 100.0, "percent_covered_display": "100", "missing_lines": 0, "excluded_lines": 0, "percent_statements_covered": 100.0, "percent_statements_covered_display": "100", "num_branches": 0, "num_partial_branches": 0, "covered_branches": 0, "missing_branches": 0, "percent_branches_covered": 100.0, "percent_branches_covered_display": "100"}, "missing_lines": [], "excluded_lines": [], "start_line": 188, "executed_branches": [], "missing_branches": []}, "DetectorHibrido.detectar": {"executed_lines": [198, 199, 200, 202, 203, 205, 206, 207, 209, 210], "summary": {"covered_lines": 10, "num_statements": 10, "percent_covered": 100.0, "percent_covered_display": "100", "missing_lines": 0, "excluded_lines": 0, "percent_statements_covered": 100.0, "percent_statements_covered_display": "100", "num_branches": 6, "num_partial_branches": 0, "covered_branches": 6, "missing_branches": 0, "percent_branches_covered": 100.0, "percent_branches_covered_display": "100"}, "missing_lines": [], "excluded_lines": [], "start_line": 196, "executed_branches": [[199, 200], [199, 202], [202, 203], [202, 205], [206, 207], [206, 209]], "missing_branches": []}, "": {"executed_lines": [9, 10, 12, 14, 15, 16, 19, 24, 27, 29, 30, 33, 34, 36, 37, 38, 39, 40, 42, 43, 47, 48, 53, 66, 69, 109, 148, 157, 187, 188, 196], "summary": {"covered_lines": 31, "num_statements": 31, "percent_covered": 100.0, "percent_covered_display": "100", "missing_lines": 0, "excluded_lines": 0, "percent_statements_covered": 100.0, "percent_statements_covered_display": "100", "num_branches": 0, "num_partial_branches": 0, "covered_branches": 0, "missing_branches": 0, "percent_branches_covered": 100.0, "percent_branches_covered_display": "100"}, "missing_lines": [], "excluded_lines": [], "start_line": 1, "executed_branches": [], "missing_branches": []}}, "classes": {"VehiculoDeteccionError": {"executed_lines": [], "summary": {"covered_lines": 0, "num_statements": 0, "percent_covered": 100.0, "percent_covered_display": "100", "missing_lines": 0, "excluded_lines": 0, "percent_statements_covered": 100.0, "percent_statements_covered_display": "100", "num_branches": 0, "num_partial_branches": 0, "covered_branches": 0, "missing_branches": 0, "percent_branches_covered": 100.0, "percent_branches_covered_display": "100"}, "missing_lines": [], "excluded_lines": [], "start_line": 19, "executed_branches": [], "missing_branches": []}, "DeteccionVehiculo": {"executed_lines": [45, 50], "summary": {"covered_lines": 2, "num_statements": 2, "percent_covered": 100.0, "percent_covered_display": "100", "missing_lines": 0, "excluded_lines": 0, "percent_statements_covered": 100.0, "percent_statements_covered_display": "100", "num_branches": 0, "num_partial_branches": 0, "covered_branches": 0, "missing_branches": 0, "percent_branches_covered": 100.0, "percent_branches_covered_display": "100"}, "missing_lines": [], "excluded_lines": [], "start_line": 34, "executed_branches": [], "missing_branches": []}, "DetectorVehiculos": {"executed_lines": [86, 87, 91, 92, 93, 95, 96, 114, 115, 119, 120, 124, 125, 126, 127, 128, 129, 131, 132, 133, 135, 136, 141, 142, 143, 145], "summary": {"covered_lines": 26, "num_statements": 32, "percent_covered": 80.76923076923077, "percent_covered_display": "81", "missing_lines": 6, "excluded_lines": 4, "percent_statements_covered": 81.25, "percent_statements_covered_display": "81", "num_branches": 20, "num_partial_branches": 2, "covered_branches": 16, "missing_branches": 4, "percent_branches_covered": 80.0, "percent_branches_covered_display": "80"}, "missing_lines": [98, 99, 104, 105, 107, 134], "excluded_lines": [100, 101, 121, 122], "start_line": 66, "executed_branches": [[86, 87], [86, 91], [95, 96], [114, 115], [114, 119], [125, 126], [125, 145], [126, 127], [126, 128], [128, 129], [128, 131], [133, 135], [135, 136], [135, 141], [142, 125], [142, 143]], "missing_branches": [[95, 98], [104, 105], [104, 107], [133, 134]]}, "DetectorHibrido": {"executed_lines": [173, 174, 175, 176, 179, 180, 181, 182, 183, 184, 185, 190, 198, 199, 200, 202, 203, 205, 206, 207, 209, 210], "summary": {"covered_lines": 22, "num_statements": 22, "percent_covered": 100.0, "percent_covered_display": "100", "missing_lines": 0, "excluded_lines": 0, "percent_statements_covered": 100.0, "percent_statements_covered_display": "100", "num_branches": 10, "num_partial_branches": 0, "covered_branches": 10, "missing_branches": 0, "percent_branches_covered": 100.0, "percent_branches_covered_display": "100"}, "missing_lines": [], "excluded_lines": [], "start_line": 148, "executed_branches": [[173, 174], [173, 175], [175, 176], [175, 179], [199, 200], [199, 202], [202, 203], [202, 205], [206, 207], [206, 209]], "missing_branches": []}, "": {"executed_lines": [9, 10, 12, 14, 15, 16, 19, 24, 27, 29, 30, 33, 34, 36, 37, 38, 39, 40, 42, 43, 47, 48, 53, 55, 56, 57, 66, 69, 109, 148, 157, 187, 188, 196], "summary": {"covered_lines": 34, "num_statements": 34, "percent_covered": 100.0, "percent_covered_display": "100", "missing_lines": 0, "excluded_lines": 0, "percent_statements_covered": 100.0, "percent_statements_covered_display": "100", "num_branches": 0, "num_partial_branches": 0, "covered_branches": 0, "missing_branches": 0, "percent_branches_covered": 100.0, "percent_branches_covered_display": "100"}, "missing_lines": [], "excluded_lines": [], "start_line": 1, "executed_branches": [], "missing_branches": []}}}}, "totals": {"covered_lines": 84, "num_statements": 90, "percent_covered": 91.66666666666667, "percent_covered_display": "92", "missing_lines": 6, "excluded_lines": 4, "percent_statements_covered": 93.33333333333333, "percent_statements_covered_display": "93", "num_branches": 30, "num_partial_branches": 2, "covered_branches": 26, "missing_branches": 4, "percent_branches_covered": 86.66666666666667, "percent_branches_covered_display": "87"}}